<?xml version="1.0" encoding="UTF-8"?>
<testsuite xmlns:xsi="http://www.w3.org/2001/XMLSchema-instance" xsi:noNamespaceSchemaLocation="https://maven.apache.org/surefire/maven-surefire-plugin/xsd/surefire-test-report-3.0.xsd" version="3.0" name="com.example.CarTest" time="0.102" tests="6" errors="0" skipped="0" failures="0">
  <properties>
[...]
</properties>
  <testcase name="testCarConstructorAndGetters" classname="com.example.CarTest" time="0.048"/>
  <testcase name="testSetMake" classname="com.example.CarTest" time="0.001"/>
  <testcase name="testSetYear" classname="com.example.CarTest" time="0.002"/>
  <testcase name="testSetColor" classname="com.example.CarTest" time="0.001"/>
  <testcase name="testSetModel" classname="com.example.CarTest" time="0.002"/>
  <testcase name="testSetPrice" classname="com.example.CarTest" time="0.001"/>
</testsuite>